<?xml version="1.0" encoding="UTF-8"?>
<!-- Generated by org.testng.reporters.JUnitXMLReporter -->
<testsuite ignored="0" hostname="EC2AMAZ-S11DBRH" failures="0" tests="6" name="Default test" time="1.89" errors="0" timestamp="2023-11-30T14:18:58 GMT">
  <testcase classname="testScripts.PlaceOrderTest" name="addItem" time="0.21"/>
  <testcase classname="testScripts.PlaceOrderTest" name="checkoutItems" time="0.074"/>
  <testcase classname="testScripts.PlaceOrderTest" name="placeOrder" time="0.418"/>
  <testcase classname="testScripts.PlaceOrderTest" name="submitOrder" time="0.074"/>
  <testcase classname="testScripts.PlaceOrderTest" name="successMsg" time="0.044"/>
  <testcase classname="testScripts.PlaceOrderTest" name="tearDown" time="0.132"/>
</testsuite> <!-- Default test -->
